* using log directory 'C:/Users/Alexander Wedel/OneDrive - Deutsche Kinder- und Jugendstiftung/Auswertung - Wirkung & Entwicklung/RSyntax/dkjslama/dkjslama.Rcheck'
* using R version 4.2.1 (2022-06-23 ucrt)
* using platform: x86_64-w64-mingw32 (64-bit)
* using session charset: UTF-8
* using options '--no-manual --as-cran'
* checking for file 'dkjslama/DESCRIPTION' ... OK
* checking extension type ... Package
* this is package 'dkjslama' version '1.0'
* package encoding: UTF-8
* checking package namespace information ... OK
* checking package dependencies ... OK
* checking if this is a source package ... OK
* checking if there is a namespace ... OK
* checking for executable files ... OK
* checking for hidden files and directories ... OK
* checking for portable file names ... OK
* checking serialization versions ... OK
* checking whether package 'dkjslama' can be installed ... OK
* checking installed package size ... OK
* checking package directory ... OK
* checking for future file timestamps ... NOTE
unable to verify current time
* checking DESCRIPTION meta-information ... NOTE
Nicht-Standard Lizenzspezifikation:
  GPL-3.
Zu standardisieren: FALSE
* checking top-level files ... OK
* checking for left-over files ... OK
* checking index information ... OK
* checking package subdirectories ... OK
* checking R files for non-ASCII characters ... OK
* checking R files for syntax errors ... OK
* checking whether the package can be loaded ... OK
* checking whether the package can be loaded with stated dependencies ... OK
* checking whether the package can be unloaded cleanly ... OK
* checking whether the namespace can be loaded with stated dependencies ... OK
* checking whether the namespace can be unloaded cleanly ... OK
* checking loading without being on the library search path ... OK
* checking dependencies in R code ... NOTE
'::' oder ':::' importieren unangemeldet aus:
  'curl' 'fs' 'jsonlite' 'openssl' 'openxlsx'
* checking S3 generic/method consistency ... OK
* checking replacement functions ... OK
* checking foreign function calls ... OK
* checking R code for possible problems ... NOTE
backup.lamapoll : get.lamapoll.list: no visible binding for '<<-'
  assignment to 'api_token'
backup.lamapoll : get.lamapoll.list: no visible binding for global
  variable 'api_token'
backup.lamapoll : get.lamapoll.data: no visible global function
  definition for 'read.csv'
backup.lamapoll : <anonymous>: no visible binding for global variable
  'api_token'
get.lamapoll.data: no visible global function definition for 'read.csv'
Undefined global functions or variables:
  api_token read.csv
Consider adding
  importFrom("utils", "read.csv")
to your NAMESPACE file.
* checking for missing documentation entries ... WARNING
Undokumentierte Code-Objekte:
  'backup.lamapoll' 'get.lamapoll.data' 'get.lamapoll.list'
All user-level objects in a package should have documentation entries.
See chapter 'Writing R documentation files' in the 'Writing R
Extensions' manual.
* checking examples ... NONE
* checking for non-standard things in the check directory ... OK
* checking for detritus in the temp directory ... OK
* DONE
Status: 1 WARNING, 4 NOTEs
